<?xml version="1.0" encoding="UTF-8"?>
<robot generator="Robot 6.0.2 (Python 3.11.2 on win32)" generated="20230323 00:10:57.660" rpa="false" schemaversion="3">
<suite id="s1" name="Sit" source="D:\Robot Framework\sit">
<suite id="s1-s1" name="Ui" source="D:\Robot Framework\sit\ui.robot">
<test id="s1-s1-t1" name="Test All pages" line="43">
<kw name="Open Web">
<kw name="Open Browser" library="SeleniumLibrary">
<arg>${website}</arg>
<arg>gc</arg>
<doc>Opens a new browser instance to the optional ``url``.</doc>
<msg timestamp="20230323 00:10:57.836" level="INFO">Opening browser 'gc' to base url 'https://abhigyank.github.io/To-Do-List/'.</msg>
<status status="PASS" starttime="20230323 00:10:57.836" endtime="20230323 00:10:59.669"/>
</kw>
<status status="PASS" starttime="20230323 00:10:57.836" endtime="20230323 00:10:59.669"/>
</kw>
<kw name="Add item">
<kw name="Click Element" library="SeleniumLibrary">
<arg>${addItemBt}</arg>
<doc>Click the element identified by ``locator``.</doc>
<msg timestamp="20230323 00:10:59.670" level="INFO">Clicking element '//a[@href='#add-item']'.</msg>
<status status="PASS" starttime="20230323 00:10:59.670" endtime="20230323 00:10:59.707"/>
</kw>
<kw name="Input Text" library="SeleniumLibrary">
<arg>${inputItem}</arg>
<arg>${textForInput1}</arg>
<doc>Types the given ``text`` into the text field identified by ``locator``.</doc>
<msg timestamp="20230323 00:10:59.707" level="INFO">Typing text 'ทดสอบ1' into text field '//*[@id="new-task"]'.</msg>
<status status="PASS" starttime="20230323 00:10:59.707" endtime="20230323 00:10:59.780"/>
</kw>
<kw name="Sleep" library="BuiltIn">
<arg>2s</arg>
<doc>Pauses the test executed for the given time.</doc>
<msg timestamp="20230323 00:11:01.781" level="INFO">Slept 2 seconds</msg>
<status status="PASS" starttime="20230323 00:10:59.781" endtime="20230323 00:11:01.781"/>
</kw>
<kw name="Click Button" library="SeleniumLibrary">
<arg>${AddBt}</arg>
<doc>Clicks the button identified by ``locator``.</doc>
<msg timestamp="20230323 00:11:01.781" level="INFO">Clicking button '//*[@id="add-item"]/button'.</msg>
<status status="PASS" starttime="20230323 00:11:01.781" endtime="20230323 00:11:01.818"/>
</kw>
<kw name="Sleep" library="BuiltIn">
<arg>2s</arg>
<doc>Pauses the test executed for the given time.</doc>
<msg timestamp="20230323 00:11:03.819" level="INFO">Slept 2 seconds</msg>
<status status="PASS" starttime="20230323 00:11:01.818" endtime="20230323 00:11:03.819"/>
</kw>
<kw name="Input Text" library="SeleniumLibrary">
<arg>${inputItem}</arg>
<arg>${textForInput2}</arg>
<doc>Types the given ``text`` into the text field identified by ``locator``.</doc>
<msg timestamp="20230323 00:11:03.819" level="INFO">Typing text 'ทดสอบ2' into text field '//*[@id="new-task"]'.</msg>
<status status="PASS" starttime="20230323 00:11:03.819" endtime="20230323 00:11:03.861"/>
</kw>
<kw name="Sleep" library="BuiltIn">
<arg>2s</arg>
<doc>Pauses the test executed for the given time.</doc>
<msg timestamp="20230323 00:11:05.861" level="INFO">Slept 2 seconds</msg>
<status status="PASS" starttime="20230323 00:11:03.861" endtime="20230323 00:11:05.861"/>
</kw>
<kw name="Click Button" library="SeleniumLibrary">
<arg>${AddBt}</arg>
<doc>Clicks the button identified by ``locator``.</doc>
<msg timestamp="20230323 00:11:05.861" level="INFO">Clicking button '//*[@id="add-item"]/button'.</msg>
<status status="PASS" starttime="20230323 00:11:05.861" endtime="20230323 00:11:05.885"/>
</kw>
<kw name="Sleep" library="BuiltIn">
<arg>2s</arg>
<doc>Pauses the test executed for the given time.</doc>
<msg timestamp="20230323 00:11:07.885" level="INFO">Slept 2 seconds</msg>
<status status="PASS" starttime="20230323 00:11:05.885" endtime="20230323 00:11:07.885"/>
</kw>
<status status="PASS" starttime="20230323 00:10:59.670" endtime="20230323 00:11:07.885"/>
</kw>
<kw name="Todo">
<kw name="Click Element" library="SeleniumLibrary">
<arg>${todoBT}</arg>
<doc>Click the element identified by ``locator``.</doc>
<msg timestamp="20230323 00:11:07.887" level="INFO">Clicking element '//a[@href='#todo']'.</msg>
<status status="PASS" starttime="20230323 00:11:07.886" endtime="20230323 00:11:07.919"/>
</kw>
<kw name="Page Should Contain" library="SeleniumLibrary">
<arg>${textForInput1}</arg>
<doc>Verifies that current page contains ``text``.</doc>
<msg timestamp="20230323 00:11:07.932" level="INFO">Current page contains text 'ทดสอบ1'.</msg>
<status status="PASS" starttime="20230323 00:11:07.919" endtime="20230323 00:11:07.933"/>
</kw>
<kw name="Page Should Contain" library="SeleniumLibrary">
<arg>${textForInput2}</arg>
<doc>Verifies that current page contains ``text``.</doc>
<msg timestamp="20230323 00:11:07.944" level="INFO">Current page contains text 'ทดสอบ2'.</msg>
<status status="PASS" starttime="20230323 00:11:07.933" endtime="20230323 00:11:07.944"/>
</kw>
<kw name="Sleep" library="BuiltIn">
<arg>2s</arg>
<doc>Pauses the test executed for the given time.</doc>
<msg timestamp="20230323 00:11:09.944" level="INFO">Slept 2 seconds</msg>
<status status="PASS" starttime="20230323 00:11:07.944" endtime="20230323 00:11:09.944"/>
</kw>
<kw name="Click Element" library="SeleniumLibrary">
<arg>${checkBoxBt}</arg>
<doc>Click the element identified by ``locator``.</doc>
<msg timestamp="20230323 00:11:09.944" level="INFO">Clicking element '//label[@for=1]'.</msg>
<status status="PASS" starttime="20230323 00:11:09.944" endtime="20230323 00:11:09.970"/>
</kw>
<kw name="Sleep" library="BuiltIn">
<arg>2s</arg>
<doc>Pauses the test executed for the given time.</doc>
<msg timestamp="20230323 00:11:11.970" level="INFO">Slept 2 seconds</msg>
<status status="PASS" starttime="20230323 00:11:09.970" endtime="20230323 00:11:11.970"/>
</kw>
<kw name="Click Button" library="SeleniumLibrary">
<arg>${deleteTodoBt}</arg>
<doc>Clicks the button identified by ``locator``.</doc>
<msg timestamp="20230323 00:11:11.970" level="INFO">Clicking button '//button[@id=1]'.</msg>
<status status="PASS" starttime="20230323 00:11:11.970" endtime="20230323 00:11:12.008"/>
</kw>
<kw name="Sleep" library="BuiltIn">
<arg>5s</arg>
<doc>Pauses the test executed for the given time.</doc>
<msg timestamp="20230323 00:11:17.008" level="INFO">Slept 5 seconds</msg>
<status status="PASS" starttime="20230323 00:11:12.008" endtime="20230323 00:11:17.008"/>
</kw>
<status status="PASS" starttime="20230323 00:11:07.886" endtime="20230323 00:11:17.008"/>
</kw>
<kw name="Complete">
<kw name="Click Element" library="SeleniumLibrary">
<arg>${completeBT}</arg>
<doc>Click the element identified by ``locator``.</doc>
<msg timestamp="20230323 00:11:17.009" level="INFO">Clicking element '//a[@href='#completed']'.</msg>
<status status="PASS" starttime="20230323 00:11:17.008" endtime="20230323 00:11:17.043"/>
</kw>
<kw name="Page Should Contain" library="SeleniumLibrary">
<arg>${textForInput1}</arg>
<doc>Verifies that current page contains ``text``.</doc>
<msg timestamp="20230323 00:11:17.053" level="INFO">Current page contains text 'ทดสอบ1'.</msg>
<status status="PASS" starttime="20230323 00:11:17.043" endtime="20230323 00:11:17.053"/>
</kw>
<kw name="Sleep" library="BuiltIn">
<arg>2s</arg>
<doc>Pauses the test executed for the given time.</doc>
<msg timestamp="20230323 00:11:19.053" level="INFO">Slept 2 seconds</msg>
<status status="PASS" starttime="20230323 00:11:17.053" endtime="20230323 00:11:19.053"/>
</kw>
<kw name="Click Button" library="SeleniumLibrary">
<arg>${deleteComBt}</arg>
<doc>Clicks the button identified by ``locator``.</doc>
<msg timestamp="20230323 00:11:19.053" level="INFO">Clicking button '//button[@id=1]'.</msg>
<status status="PASS" starttime="20230323 00:11:19.053" endtime="20230323 00:11:19.087"/>
</kw>
<kw name="Sleep" library="BuiltIn">
<arg>5s</arg>
<doc>Pauses the test executed for the given time.</doc>
<msg timestamp="20230323 00:11:24.087" level="INFO">Slept 5 seconds</msg>
<status status="PASS" starttime="20230323 00:11:19.087" endtime="20230323 00:11:24.087"/>
</kw>
<status status="PASS" starttime="20230323 00:11:17.008" endtime="20230323 00:11:24.087"/>
</kw>
<kw name="Close Browser" library="SeleniumLibrary" type="TEARDOWN">
<doc>Closes the current browser.</doc>
<status status="PASS" starttime="20230323 00:11:24.087" endtime="20230323 00:11:26.242"/>
</kw>
<tag>Test</tag>
<status status="PASS" starttime="20230323 00:10:57.836" endtime="20230323 00:11:26.242"/>
</test>
<status status="PASS" starttime="20230323 00:10:57.679" endtime="20230323 00:11:26.244"/>
</suite>
<status status="PASS" starttime="20230323 00:10:57.662" endtime="20230323 00:11:26.245"/>
</suite>
<statistics>
<total>
<stat pass="1" fail="0" skip="0">All Tests</stat>
</total>
<tag>
<stat pass="1" fail="0" skip="0">Test</stat>
</tag>
<suite>
<stat pass="1" fail="0" skip="0" id="s1" name="Sit">Sit</stat>
<stat pass="1" fail="0" skip="0" id="s1-s1" name="Ui">Sit.Ui</stat>
</suite>
</statistics>
<errors>
</errors>
</robot>
